2025-03-12 14:19:39.442936 - rocketbot - INFO - request: facturacion : line 3 - rpalogic : group  id: 3df269a5-7397-ed44-009d-78bb47b9ebb7 -  - 
2025-03-12 14:19:39.707634 - rocketbot - INFO - request: facturacion : line 3.1 - rpascripts : module  id: e0dbbf0b-6094-af95-b406-a3c648160904 -  - {"module_name":"ControlIni","module":"leerIni","content":"C:/Users/Ignacio/OneDrive/Documents/git-and-github/RobotClase2/main/resources/config_bot2.ini","variable":"{config}"}
2025-03-12 14:19:39.752056 - rocketbot - INFO - request: facturacion : line 3.2 - rpascripts : module  id: 868321ca-2fbe-9233-8837-73d7127be913 -  - {"module_name":"ControlIni","module":"obtenerDato","idseccion":"paths","iddato":"path_git","idvar":"{path_git}"}
2025-03-12 14:19:40.030254 - rocketbot - INFO - request: facturacion : line 3.3 - rpascripts : module  id: 2077a0b2-2b6a-bbe4-9bfe-a94e100d71d5 -  - {"module_name":"ControlIni","module":"obtenerDato","idseccion":"paths","iddato":"path_log","idvar":"{path_log}"}
2025-03-12 14:19:40.124120 - rocketbot - INFO - request: facturacion : line 3.4 - rpascripts : module  id: 5d3b6e14-efcf-56ee-e353-eb1c0af87089 -  - {"module_name":"ControlIni","module":"obtenerDato","idseccion":"paths","iddato":"path_archivo","idvar":"{path_archivo}"}
2025-03-12 14:19:40.358249 - rocketbot - INFO - request: facturacion : line 3.5 - rpascripts : module  id: 1020d70f-6d9d-6d91-cc38-7d207184a7c9 -  - {"module_name":"ControlIni","module":"obtenerDato","idseccion":"clasificaciones","iddato":"resp_inscr","idvar":"{resp_inscr}"}
2025-03-12 14:19:40.362382 - Rocketbot - ERROR - EXCEPTION IN (<string> Rocketbot, L_74 ""): KeyError: 'clasificaciones'
2025-03-12 14:19:40.363408 - script - ERROR - EXCEPTION IN (<string> script, L_185 ""): KeyError: 'clasificaciones'
2025-03-12 14:19:40.435203 - rocketbot - INFO - request: facturacion : line 3.6 - rpascripts : module  id: 27739039-13c0-cab5-b4d5-4671c0c222be -  - {"module_name":"ControlIni","module":"obtenerDato","idseccion":"clasificaciones","iddato":"resp_mono","idvar":"{resp_mono}"}
2025-03-12 14:19:40.436393 - Rocketbot - ERROR - EXCEPTION IN (<string> Rocketbot, L_74 ""): KeyError: 'clasificaciones'
2025-03-12 14:19:40.437843 - script - ERROR - EXCEPTION IN (<string> script, L_185 ""): KeyError: 'clasificaciones'
2025-03-12 14:19:40.670539 - rocketbot - INFO - request: facturacion : line 3.7 - rpascripts : module  id: 6b423d7f-695f-3500-8b08-b4dcdc86c1aa -  - {"module_name":"ControlIni","module":"obtenerDato","idseccion":"clasificaciones","iddato":"suj_exen","idvar":"{suj_exen}"}
2025-03-12 14:19:40.675740 - Rocketbot - ERROR - EXCEPTION IN (<string> Rocketbot, L_74 ""): KeyError: 'clasificaciones'
2025-03-12 14:19:40.676737 - script - ERROR - EXCEPTION IN (<string> script, L_185 ""): KeyError: 'clasificaciones'
2025-03-12 14:19:40.762532 - rocketbot - INFO - request: facturacion : line 4 - rpalogic : trycatch  id: a8595513-f577-5d04-ae89-c9a230287598 -  - 
2025-03-12 14:19:40.990484 - rocketbot - INFO - request: facturacion : line 4.1 - rpaexcel : readxlsx  id: cb144be0-4d12-5857-617d-01948ab0d60f -  - {"file_path":"{path_git}/resources/classificacion_clientes.xlsx"}
2025-03-12 14:19:40.991500 - Rocketbot - ERROR - EXCEPTION IN (<string> Rocketbot, L_192 ""): Exception: File not exists
2025-03-12 14:19:41.070964 - rocketbot - INFO - request: facturacion : line 4.1 - rpaexcel : readxlsx  id: 39ff8897-a471-6150-ea6d-73cfb14fbb4d -  - {"file_path":"{path_archivo}"}
2025-03-12 14:19:41.071961 - Rocketbot - ERROR - EXCEPTION IN (<string> Rocketbot, L_192 ""): Exception: File not exists
2025-03-12 14:20:35.764878 - rocketbot - INFO - request: facturacion : line 3 - rpalogic : group  id: 3df269a5-7397-ed44-009d-78bb47b9ebb7 -  - 
2025-03-12 14:20:36.021833 - rocketbot - INFO - request: facturacion : line 3.1 - rpascripts : module  id: e0dbbf0b-6094-af95-b406-a3c648160904 -  - {"module_name":"ControlIni","module":"leerIni","content":"C:/Users/Ignacio/OneDrive/Documents/git-and-github/RobotClase2/main/resources/config_bot2.ini","variable":"{config}"}
2025-03-12 14:20:36.087302 - rocketbot - INFO - request: facturacion : line 3.2 - rpascripts : module  id: 868321ca-2fbe-9233-8837-73d7127be913 -  - {"module_name":"ControlIni","module":"obtenerDato","idseccion":"paths","iddato":"path_git","idvar":"{path_git}"}
2025-03-12 14:20:36.352410 - rocketbot - INFO - request: facturacion : line 3.3 - rpascripts : module  id: 2077a0b2-2b6a-bbe4-9bfe-a94e100d71d5 -  - {"module_name":"ControlIni","module":"obtenerDato","idseccion":"paths","iddato":"path_log","idvar":"{path_log}"}
2025-03-12 14:20:36.428941 - rocketbot - INFO - request: facturacion : line 3.4 - rpascripts : module  id: 5d3b6e14-efcf-56ee-e353-eb1c0af87089 -  - {"module_name":"ControlIni","module":"obtenerDato","idseccion":"paths","iddato":"path_archivo","idvar":"{path_archivo}"}
2025-03-12 14:20:36.659569 - rocketbot - INFO - request: facturacion : line 3.5 - rpascripts : module  id: 1020d70f-6d9d-6d91-cc38-7d207184a7c9 -  - {"module_name":"ControlIni","module":"obtenerDato","idseccion":"clasificacion_clientes","iddato":"resp_inscr","idvar":"{resp_inscr}"}
2025-03-12 14:20:36.739783 - rocketbot - INFO - request: facturacion : line 3.6 - rpascripts : module  id: 27739039-13c0-cab5-b4d5-4671c0c222be -  - {"module_name":"ControlIni","module":"obtenerDato","idseccion":"clasificacion_clientes","iddato":"resp_mono","idvar":"{resp_mono}"}
2025-03-12 14:20:36.977509 - rocketbot - INFO - request: facturacion : line 3.7 - rpascripts : module  id: 6b423d7f-695f-3500-8b08-b4dcdc86c1aa -  - {"module_name":"ControlIni","module":"obtenerDato","idseccion":"clasificacion_clientes","iddato":"suj_exen","idvar":"{suj_exen}"}
2025-03-12 14:20:37.067886 - rocketbot - INFO - request: facturacion : line 4 - rpalogic : trycatch  id: a8595513-f577-5d04-ae89-c9a230287598 -  - 
2025-03-12 14:20:37.307110 - rocketbot - INFO - request: facturacion : line 4.1 - rpaexcel : readxlsx  id: cb144be0-4d12-5857-617d-01948ab0d60f -  - {"file_path":"{path_git}/resources/classificacion_clientes.xlsx"}
2025-03-12 14:20:37.308249 - Rocketbot - ERROR - EXCEPTION IN (<string> Rocketbot, L_192 ""): Exception: File not exists
2025-03-12 14:20:37.379385 - rocketbot - INFO - request: facturacion : line 4.1 - rpaexcel : readxlsx  id: 39ff8897-a471-6150-ea6d-73cfb14fbb4d -  - {"file_path":"{path_archivo}"}
2025-03-12 14:20:37.380510 - Rocketbot - ERROR - EXCEPTION IN (<string> Rocketbot, L_192 ""): Exception: File not exists
2025-03-12 14:20:54.771102 - rocketbot - INFO - request: facturacion : line 3 - rpalogic : group  id: 3df269a5-7397-ed44-009d-78bb47b9ebb7 -  - 
2025-03-12 14:20:55.030219 - rocketbot - INFO - request: facturacion : line 3.1 - rpascripts : module  id: e0dbbf0b-6094-af95-b406-a3c648160904 -  - {"module_name":"ControlIni","module":"leerIni","content":"C:/Users/Ignacio/OneDrive/Documents/git-and-github/RobotClase2/main/resources/config_bot2.ini","variable":"{config}"}
2025-03-12 14:20:55.092926 - rocketbot - INFO - request: facturacion : line 3.2 - rpascripts : module  id: 868321ca-2fbe-9233-8837-73d7127be913 -  - {"module_name":"ControlIni","module":"obtenerDato","idseccion":"paths","iddato":"path_git","idvar":"{path_git}"}
2025-03-12 14:20:55.375167 - rocketbot - INFO - request: facturacion : line 3.3 - rpascripts : module  id: 2077a0b2-2b6a-bbe4-9bfe-a94e100d71d5 -  - {"module_name":"ControlIni","module":"obtenerDato","idseccion":"paths","iddato":"path_log","idvar":"{path_log}"}
2025-03-12 14:20:55.496759 - rocketbot - INFO - request: facturacion : line 3.4 - rpascripts : module  id: 5d3b6e14-efcf-56ee-e353-eb1c0af87089 -  - {"module_name":"ControlIni","module":"obtenerDato","idseccion":"paths","iddato":"path_archivo","idvar":"{path_archivo}"}
2025-03-12 14:20:55.701395 - rocketbot - INFO - request: facturacion : line 3.5 - rpascripts : module  id: 1020d70f-6d9d-6d91-cc38-7d207184a7c9 -  - {"module_name":"ControlIni","module":"obtenerDato","idseccion":"clasificacion_clientes","iddato":"resp_inscr","idvar":"{resp_inscr}"}
2025-03-12 14:20:55.822771 - rocketbot - INFO - request: facturacion : line 3.6 - rpascripts : module  id: 27739039-13c0-cab5-b4d5-4671c0c222be -  - {"module_name":"ControlIni","module":"obtenerDato","idseccion":"clasificacion_clientes","iddato":"resp_mono","idvar":"{resp_mono}"}
2025-03-12 14:20:56.027020 - rocketbot - INFO - request: facturacion : line 3.7 - rpascripts : module  id: 6b423d7f-695f-3500-8b08-b4dcdc86c1aa -  - {"module_name":"ControlIni","module":"obtenerDato","idseccion":"clasificacion_clientes","iddato":"suj_exen","idvar":"{suj_exen}"}
2025-03-12 14:20:56.137811 - rocketbot - INFO - request: facturacion : line 4 - rpalogic : trycatch  id: a8595513-f577-5d04-ae89-c9a230287598 -  - 
2025-03-12 14:20:56.353402 - rocketbot - INFO - request: facturacion : line 4.1 - rpaexcel : readxlsx  id: cb144be0-4d12-5857-617d-01948ab0d60f -  - {"file_path":"{path_git}/resources/classificacion_clientes.xlsx"}
2025-03-12 14:20:56.355472 - Rocketbot - ERROR - EXCEPTION IN (<string> Rocketbot, L_192 ""): Exception: File not exists
2025-03-12 14:20:56.446701 - rocketbot - INFO - request: facturacion : line 4.1 - rpaexcel : readxlsx  id: 39ff8897-a471-6150-ea6d-73cfb14fbb4d -  - {"file_path":"{path_archivo}"}
2025-03-12 14:20:56.446701 - Rocketbot - ERROR - EXCEPTION IN (<string> Rocketbot, L_192 ""): Exception: File not exists
2025-03-12 14:21:59.792612 - rocketbot - INFO - request: facturacion : line 4.1 - rpaexcel : readxlsx  id: 39ff8897-a471-6150-ea6d-73cfb14fbb4d -  - {"file_path":"\"{path_archivo}\""}
2025-03-12 14:21:59.794617 - Rocketbot - ERROR - EXCEPTION IN (<string> Rocketbot, L_192 ""): Exception: File not exists
2025-03-12 14:22:26.976834 - rocketbot - INFO - request: facturacion : line 4.1 - rpascripts : module  id: 9adcf953-fb91-f339-f1ca-fb0c9fcfe09b -  - {"module_name":"killApp","module":"killApp","app_":"Excel"}
2025-03-12 14:22:28.902806 - rocketbot - INFO - request: facturacion : line 4.2 - rpaexcel : readxlsx  id: 39ff8897-a471-6150-ea6d-73cfb14fbb4d -  - {"file_path":"\"{path_archivo}\""}
2025-03-12 14:22:28.903803 - Rocketbot - ERROR - EXCEPTION IN (<string> Rocketbot, L_192 ""): Exception: File not exists
2025-03-12 14:24:37.113688 - rocketbot - INFO - request: facturacion : line 3.1 - rpascripts : module  id: e0dbbf0b-6094-af95-b406-a3c648160904 -  - {"module_name":"ControlIni","module":"leerIni","content":"C:/Users/Ignacio/OneDrive/Documents/git-and-github/RobotClase2/main/resources/config_bot2.ini","variable":"{config}"}
2025-03-12 14:27:08.824296 - rocketbot - INFO - request: facturacion : line 3.2 - rpascripts : module  id: 868321ca-2fbe-9233-8837-73d7127be913 -  - {"module_name":"ControlIni","module":"obtenerDato","idseccion":"paths","iddato":"path_git","idvar":"{path_git}"}
2025-03-12 14:28:26.638369 - rocketbot - INFO - request: facturacion : line 3.2 - rpascripts : module  id: 868321ca-2fbe-9233-8837-73d7127be913 -  - {"module_name":"ControlIni","module":"obtenerDato","idseccion":"paths","iddato":"path_git","idvar":"{path_git}"}
2025-03-12 14:28:45.655220 - rocketbot - INFO - request: facturacion : line 3.2 - rpascripts : module  id: 868321ca-2fbe-9233-8837-73d7127be913 -  - {"module_name":"ControlIni","module":"obtenerDato","idseccion":"paths","iddato":"path_git","idvar":"path_git"}
2025-03-12 14:29:15.410473 - rocketbot - INFO - request: facturacion : line 3 - rpalogic : group  id: 3df269a5-7397-ed44-009d-78bb47b9ebb7 -  - 
2025-03-12 14:29:15.659303 - rocketbot - INFO - request: facturacion : line 3.1 - rpascripts : module  id: e0dbbf0b-6094-af95-b406-a3c648160904 -  - {"module_name":"ControlIni","module":"leerIni","content":"C:/Users/Ignacio/OneDrive/Documents/git-and-github/RobotClase2/main/resources/config_bot2.ini","variable":"{config}"}
2025-03-12 14:29:15.720165 - rocketbot - INFO - request: facturacion : line 3.2 - rpascripts : module  id: 868321ca-2fbe-9233-8837-73d7127be913 -  - {"module_name":"ControlIni","module":"obtenerDato","idseccion":"paths","iddato":"path_git","idvar":"path_git"}
2025-03-12 14:29:15.984913 - rocketbot - INFO - request: facturacion : line 3.3 - rpascripts : module  id: 2077a0b2-2b6a-bbe4-9bfe-a94e100d71d5 -  - {"module_name":"ControlIni","module":"obtenerDato","idseccion":"paths","iddato":"path_log","idvar":"path_log"}
2025-03-12 14:29:16.062282 - rocketbot - INFO - request: facturacion : line 3.4 - rpascripts : module  id: 5d3b6e14-efcf-56ee-e353-eb1c0af87089 -  - {"module_name":"ControlIni","module":"obtenerDato","idseccion":"paths","iddato":"path_archivo","idvar":"path_archivo"}
2025-03-12 14:29:16.295845 - rocketbot - INFO - request: facturacion : line 3.5 - rpascripts : module  id: 1020d70f-6d9d-6d91-cc38-7d207184a7c9 -  - {"module_name":"ControlIni","module":"obtenerDato","idseccion":"clasificacion_clientes","iddato":"resp_inscr","idvar":"resp_inscr"}
2025-03-12 14:29:16.370208 - rocketbot - INFO - request: facturacion : line 3.6 - rpascripts : module  id: 27739039-13c0-cab5-b4d5-4671c0c222be -  - {"module_name":"ControlIni","module":"obtenerDato","idseccion":"clasificacion_clientes","iddato":"resp_mono","idvar":"resp_mono"}
2025-03-12 14:29:16.619374 - rocketbot - INFO - request: facturacion : line 3.7 - rpascripts : module  id: 6b423d7f-695f-3500-8b08-b4dcdc86c1aa -  - {"module_name":"ControlIni","module":"obtenerDato","idseccion":"clasificacion_clientes","iddato":"suj_exen","idvar":"suj_exen"}
2025-03-12 14:29:16.696777 - rocketbot - INFO - request: facturacion : line 4 - rpalogic : trycatch  id: a8595513-f577-5d04-ae89-c9a230287598 -  - 
2025-03-12 14:29:16.934608 - rocketbot - INFO - request: facturacion : line 4.1 - rpaexcel : readxlsx  id: cb144be0-4d12-5857-617d-01948ab0d60f -  - {"file_path":"{path_git}/resources/classificacion_clientes.xlsx"}
2025-03-12 14:29:16.935605 - Rocketbot - ERROR - EXCEPTION IN (<string> Rocketbot, L_192 ""): Exception: File not exists
2025-03-12 14:29:17.024451 - rocketbot - INFO - request: facturacion : line 4.1 - rpascripts : module  id: 9adcf953-fb91-f339-f1ca-fb0c9fcfe09b -  - {"module_name":"killApp","module":"killApp","app_":"Excel"}
2025-03-12 14:29:17.257080 - rocketbot - INFO - request: facturacion : line 4.2 - rpaexcel : readxlsx  id: 39ff8897-a471-6150-ea6d-73cfb14fbb4d -  - {"file_path":"{path_archivo}"}
2025-03-12 14:29:19.852909 - rocketbot - INFO - request: facturacion : line 4.3 - rpaexcel : savexlsx  id: be49d7f9-6bbc-456f-81b9-ec29486883a6 -  - {path_git}/resources/clasificacion_clientes.xlsx
2025-03-12 14:29:20.303572 - rocketbot - INFO - request: facturacion : line 4.4 - rpaexcel : quitexcel  id: 573fd24b-3d4e-c8c2-d159-46806bf39a2b -  - 
2025-03-12 14:29:33.425916 - rocketbot - INFO - request: facturacion : line 3 - rpalogic : group  id: 3df269a5-7397-ed44-009d-78bb47b9ebb7 -  - 
2025-03-12 14:29:33.487885 - rocketbot - INFO - request: facturacion : line 3.1 - rpascripts : module  id: e0dbbf0b-6094-af95-b406-a3c648160904 -  - {"module_name":"ControlIni","module":"leerIni","content":"C:/Users/Ignacio/OneDrive/Documents/git-and-github/RobotClase2/main/resources/config_bot2.ini","variable":"{config}"}
2025-03-12 14:29:33.737326 - rocketbot - INFO - request: facturacion : line 3.2 - rpascripts : module  id: 868321ca-2fbe-9233-8837-73d7127be913 -  - {"module_name":"ControlIni","module":"obtenerDato","idseccion":"paths","iddato":"path_git","idvar":"path_git"}
2025-03-12 14:29:33.814092 - rocketbot - INFO - request: facturacion : line 3.3 - rpascripts : module  id: 2077a0b2-2b6a-bbe4-9bfe-a94e100d71d5 -  - {"module_name":"ControlIni","module":"obtenerDato","idseccion":"paths","iddato":"path_log","idvar":"path_log"}
2025-03-12 14:29:34.051233 - rocketbot - INFO - request: facturacion : line 3.4 - rpascripts : module  id: 5d3b6e14-efcf-56ee-e353-eb1c0af87089 -  - {"module_name":"ControlIni","module":"obtenerDato","idseccion":"paths","iddato":"path_archivo","idvar":"path_archivo"}
2025-03-12 14:29:34.141593 - rocketbot - INFO - request: facturacion : line 3.5 - rpascripts : module  id: 1020d70f-6d9d-6d91-cc38-7d207184a7c9 -  - {"module_name":"ControlIni","module":"obtenerDato","idseccion":"clasificacion_clientes","iddato":"resp_inscr","idvar":"resp_inscr"}
2025-03-12 14:29:34.360372 - rocketbot - INFO - request: facturacion : line 3.6 - rpascripts : module  id: 27739039-13c0-cab5-b4d5-4671c0c222be -  - {"module_name":"ControlIni","module":"obtenerDato","idseccion":"clasificacion_clientes","iddato":"resp_mono","idvar":"resp_mono"}
2025-03-12 14:29:34.455222 - rocketbot - INFO - request: facturacion : line 3.7 - rpascripts : module  id: 6b423d7f-695f-3500-8b08-b4dcdc86c1aa -  - {"module_name":"ControlIni","module":"obtenerDato","idseccion":"clasificacion_clientes","iddato":"suj_exen","idvar":"suj_exen"}
2025-03-12 14:29:34.692187 - rocketbot - INFO - request: facturacion : line 4 - rpalogic : trycatch  id: a8595513-f577-5d04-ae89-c9a230287598 -  - 
2025-03-12 14:29:34.805201 - rocketbot - INFO - request: facturacion : line 4.1 - rpaexcel : readxlsx  id: cb144be0-4d12-5857-617d-01948ab0d60f -  - {"file_path":"{path_git}/resources/classificacion_clientes.xlsx"}
2025-03-12 14:29:34.806691 - Rocketbot - ERROR - EXCEPTION IN (<string> Rocketbot, L_192 ""): Exception: File not exists
2025-03-12 14:29:35.127456 - rocketbot - INFO - request: facturacion : line 4.2 - rpaexcel : readxlsx  id: 39ff8897-a471-6150-ea6d-73cfb14fbb4d -  - {"file_path":"{path_archivo}"}
2025-03-12 14:29:37.482177 - rocketbot - INFO - request: facturacion : line 4.3 - rpaexcel : savexlsx  id: be49d7f9-6bbc-456f-81b9-ec29486883a6 -  - {path_git}/resources/clasificacion_clientes.xlsx
2025-03-12 14:29:48.069500 - rocketbot - INFO - request: facturacion : line 4.4 - rpaexcel : quitexcel  id: 573fd24b-3d4e-c8c2-d159-46806bf39a2b -  - 
2025-03-12 14:32:39.171352 - rocketbot - INFO - request: facturacion : line 4.1 - rpaexcel : readxlsx  id: 39ff8897-a471-6150-ea6d-73cfb14fbb4d -  - {"file_path":"{path_archivo}"}
2025-03-12 14:32:52.152267 - rocketbot - INFO - request: facturacion : line 4.2 - rpascripts : module  id: a88a4f10-6981-43d3-3dc0-bed6d51ab868 -  - {"module_name":"AdvancedExcel","module":"GetCellFormats","sheet":"Planilla de Facturacion","cell":"A1:N3","res":"cell_format"}
2025-03-12 14:32:52.205376 - Rocketbot - ERROR - EXCEPTION IN (<string> Rocketbot, L_356 ""): TypeError: int() argument must be a string, a bytes-like object or a real number, not 'NoneType'
2025-03-12 14:32:52.206375 - script - ERROR - EXCEPTION IN (<string> script, L_185 ""): TypeError: int() argument must be a string, a bytes-like object or a real number, not 'NoneType'
2025-03-12 14:39:21.595334 - rocketbot - INFO - request: facturacion : line 3 - rpalogic : group  id: 3df269a5-7397-ed44-009d-78bb47b9ebb7 -  - 
2025-03-12 14:39:21.654867 - rocketbot - INFO - request: facturacion : line 3.1 - rpascripts : module  id: e0dbbf0b-6094-af95-b406-a3c648160904 -  - {"module_name":"ControlIni","module":"leerIni","content":"C:/Users/Ignacio/OneDrive/Documents/git-and-github/RobotClase2/main/resources/config_bot2.ini","variable":"{config}"}
2025-03-12 14:39:21.915180 - rocketbot - INFO - request: facturacion : line 3.2 - rpascripts : module  id: 868321ca-2fbe-9233-8837-73d7127be913 -  - {"module_name":"ControlIni","module":"obtenerDato","idseccion":"paths","iddato":"path_git","idvar":"path_git"}
2025-03-12 14:39:21.977222 - rocketbot - INFO - request: facturacion : line 3.3 - rpascripts : module  id: 2077a0b2-2b6a-bbe4-9bfe-a94e100d71d5 -  - {"module_name":"ControlIni","module":"obtenerDato","idseccion":"paths","iddato":"path_log","idvar":"path_log"}
2025-03-12 14:39:22.240161 - rocketbot - INFO - request: facturacion : line 3.4 - rpascripts : module  id: 5d3b6e14-efcf-56ee-e353-eb1c0af87089 -  - {"module_name":"ControlIni","module":"obtenerDato","idseccion":"paths","iddato":"path_archivo","idvar":"path_archivo"}
2025-03-12 14:39:22.362989 - rocketbot - INFO - request: facturacion : line 3.5 - rpascripts : module  id: 1020d70f-6d9d-6d91-cc38-7d207184a7c9 -  - {"module_name":"ControlIni","module":"obtenerDato","idseccion":"clasificacion_clientes","iddato":"resp_inscr","idvar":"resp_inscr"}
2025-03-12 14:39:22.580173 - rocketbot - INFO - request: facturacion : line 3.6 - rpascripts : module  id: 27739039-13c0-cab5-b4d5-4671c0c222be -  - {"module_name":"ControlIni","module":"obtenerDato","idseccion":"clasificacion_clientes","iddato":"resp_mono","idvar":"resp_mono"}
2025-03-12 14:39:22.688104 - rocketbot - INFO - request: facturacion : line 3.7 - rpascripts : module  id: 6b423d7f-695f-3500-8b08-b4dcdc86c1aa -  - {"module_name":"ControlIni","module":"obtenerDato","idseccion":"clasificacion_clientes","iddato":"suj_exen","idvar":"suj_exen"}
2025-03-12 14:39:22.907416 - rocketbot - INFO - request: facturacion : line 4 - rpalogic : trycatch  id: a8595513-f577-5d04-ae89-c9a230287598 -  - 
2025-03-12 14:39:23.015490 - rocketbot - INFO - request: facturacion : line 4.1 - rpaexcel : readxlsx  id: cb144be0-4d12-5857-617d-01948ab0d60f -  - {"file_path":"{path_git}/resources/classificacion_clientes.xlsx"}
2025-03-12 14:39:23.016762 - Rocketbot - ERROR - EXCEPTION IN (<string> Rocketbot, L_192 ""): Exception: File not exists
2025-03-12 14:39:23.229777 - rocketbot - INFO - request: facturacion : line 4.1 - rpaexcel : readxlsx  id: 39ff8897-a471-6150-ea6d-73cfb14fbb4d -  - {"file_path":"{path_archivo}"}
2025-03-12 14:39:25.580850 - rocketbot - INFO - request: facturacion : line 4.2 - rpaexcel : savexlsx  id: be49d7f9-6bbc-456f-81b9-ec29486883a6 -  - {path_git}/resources/clasificacion_clientes.xlsx
2025-03-12 14:39:26.002859 - rocketbot - INFO - request: facturacion : line 4.3 - rpaexcel : quitexcel  id: 573fd24b-3d4e-c8c2-d159-46806bf39a2b -  - 
2025-03-12 14:39:26.297941 - rocketbot - INFO - request: facturacion : line 4.4 - rpaexcel : readxlsx  id: f669e23b-d3e8-6e59-1305-a1055c69fe23 -  - {"file_path":"{path_git}/resources/clasificacion_clientes.xlsx"}
2025-03-12 14:39:28.895796 - rocketbot - INFO - request: facturacion : line 5 - rpalogic : evaluateIf  id: cd017491-7d63-c368-789e-9658fe77a10f -  - {respuesta}
2025-03-12 14:39:29.163638 - rocketbot - INFO - request: facturacion : line 5.1 - rpascripts : module  id: ab46f2a5-bc61-71e9-6b7e-4ea1077022c1 -  - {"module_name":"AdvancedExcel","module":"createSheet","sheet_name":"{resp_inscr}"}
2025-03-12 14:39:29.253005 - rocketbot - INFO - request: facturacion : line 5.2 - rpascripts : module  id: 144a62b7-7ed6-2015-00e6-5dedd709f6df -  - {"module_name":"AdvancedExcel","module":"createSheet","sheet_name":"{resp_mono}"}
2025-03-12 14:39:29.659669 - rocketbot - INFO - request: facturacion : line 5.3 - rpascripts : module  id: 4d5531c6-04d9-9866-187d-71c1d051588a -  - {"module_name":"AdvancedExcel","module":"createSheet","sheet_name":"{suj_exen}"}
2025-03-12 14:39:29.928340 - rocketbot - INFO - request: facturacion : line 5.4 - rpascripts : module  id: 2d416b9c-acf3-cc65-a53f-96463370a481 -  - {"module_name":"AdvancedExcel","module":"deleteSheet","sheet_name":"\"Planilla de Facturacion\"","var_":"respuesta"}
2025-03-12 14:39:29.952747 - script - ERROR - EXCEPTION IN (<string> script, L_185 ""): Exception: The name "Planilla de Facturacion" does not exist in the book
2025-03-12 14:39:52.590851 - rocketbot - INFO - request: facturacion : line 5.4 - rpascripts : module  id: 2d416b9c-acf3-cc65-a53f-96463370a481 -  - {"module_name":"AdvancedExcel","module":"deleteSheet","sheet_name":"Planilla de Facturacion","var_":"respuesta"}
2025-03-12 14:43:23.479964 - rocketbot - INFO - request: facturacion : line 5.2 - rpascripts : module  id: 5931181b-5901-22ce-d553-6c2ad4642ec0 -  - {"module_name":"AdvancedExcel","module":"copy_other","excel1":"{path_archivo}","sheet_name1":"Planilla de Facturacion","cell_range1":"A1:N3","excel2":"{path_git}/resources/clasificacion_clientes.xlsx","sheet_name2":"Responsable Inscripto","cell_range2":"A1:N3"}
2025-03-12 14:43:25.992590 - Rocketbot - ERROR - EXCEPTION IN (<string> Rocketbot, L_905 ""): Exception: The name Responsable Inscripto does not exist in the book
2025-03-12 14:43:25.995673 - script - ERROR - EXCEPTION IN (<string> script, L_185 ""): Exception: The name Responsable Inscripto does not exist in the book
2025-03-12 14:43:47.054185 - rocketbot - INFO - request: facturacion : line 5.1 - rpascripts : module  id: ab46f2a5-bc61-71e9-6b7e-4ea1077022c1 -  - {"module_name":"AdvancedExcel","module":"createSheet","sheet_name":"{resp_inscr}"}
2025-03-12 14:43:47.074104 - Rocketbot - ERROR - EXCEPTION IN (<string> Rocketbot, L_797 ""): com_error: (-2147417848, 'The object invoked has disconnected from its clients.', None, None)
2025-03-12 14:43:47.076474 - script - ERROR - EXCEPTION IN (<string> script, L_185 ""): com_error: (-2147417848, 'The object invoked has disconnected from its clients.', None, None)
2025-03-12 14:43:56.399826 - rocketbot - INFO - request: facturacion : line 3 - rpalogic : group  id: 3df269a5-7397-ed44-009d-78bb47b9ebb7 -  - 
2025-03-12 14:43:56.646601 - rocketbot - INFO - request: facturacion : line 3.1 - rpascripts : module  id: e0dbbf0b-6094-af95-b406-a3c648160904 -  - {"module_name":"ControlIni","module":"leerIni","content":"C:/Users/Ignacio/OneDrive/Documents/git-and-github/RobotClase2/main/resources/config_bot2.ini","variable":"{config}"}
2025-03-12 14:43:56.724060 - rocketbot - INFO - request: facturacion : line 3.2 - rpascripts : module  id: 868321ca-2fbe-9233-8837-73d7127be913 -  - {"module_name":"ControlIni","module":"obtenerDato","idseccion":"paths","iddato":"path_git","idvar":"path_git"}
2025-03-12 14:43:56.957661 - rocketbot - INFO - request: facturacion : line 3.3 - rpascripts : module  id: 2077a0b2-2b6a-bbe4-9bfe-a94e100d71d5 -  - {"module_name":"ControlIni","module":"obtenerDato","idseccion":"paths","iddato":"path_log","idvar":"path_log"}
2025-03-12 14:43:57.048878 - rocketbot - INFO - request: facturacion : line 3.4 - rpascripts : module  id: 5d3b6e14-efcf-56ee-e353-eb1c0af87089 -  - {"module_name":"ControlIni","module":"obtenerDato","idseccion":"paths","iddato":"path_archivo","idvar":"path_archivo"}
2025-03-12 14:43:57.268383 - rocketbot - INFO - request: facturacion : line 3.5 - rpascripts : module  id: 1020d70f-6d9d-6d91-cc38-7d207184a7c9 -  - {"module_name":"ControlIni","module":"obtenerDato","idseccion":"clasificacion_clientes","iddato":"resp_inscr","idvar":"resp_inscr"}
2025-03-12 14:43:57.374429 - rocketbot - INFO - request: facturacion : line 3.6 - rpascripts : module  id: 27739039-13c0-cab5-b4d5-4671c0c222be -  - {"module_name":"ControlIni","module":"obtenerDato","idseccion":"clasificacion_clientes","iddato":"resp_mono","idvar":"resp_mono"}
2025-03-12 14:43:57.593472 - rocketbot - INFO - request: facturacion : line 3.7 - rpascripts : module  id: 6b423d7f-695f-3500-8b08-b4dcdc86c1aa -  - {"module_name":"ControlIni","module":"obtenerDato","idseccion":"clasificacion_clientes","iddato":"suj_exen","idvar":"suj_exen"}
2025-03-12 14:43:57.684262 - rocketbot - INFO - request: facturacion : line 4 - rpalogic : trycatch  id: a8595513-f577-5d04-ae89-c9a230287598 -  - 
2025-03-12 14:43:57.921244 - rocketbot - INFO - request: facturacion : line 4.1 - rpaexcel : readxlsx  id: cb144be0-4d12-5857-617d-01948ab0d60f -  - {"file_path":"{path_git}/resources/classificacion_clientes.xlsx"}
2025-03-12 14:43:57.923568 - Rocketbot - ERROR - EXCEPTION IN (<string> Rocketbot, L_192 ""): Exception: File not exists
2025-03-12 14:43:57.995628 - rocketbot - INFO - request: facturacion : line 4.1 - rpaexcel : readxlsx  id: 39ff8897-a471-6150-ea6d-73cfb14fbb4d -  - {"file_path":"{path_archivo}"}
2025-03-12 14:43:58.245063 - rocketbot - INFO - request: facturacion : line 4.2 - rpaexcel : savexlsx  id: be49d7f9-6bbc-456f-81b9-ec29486883a6 -  - {path_git}/resources/clasificacion_clientes.xlsx
2025-03-12 14:43:58.256797 - Rocketbot - ERROR - EXCEPTION IN (<string> Rocketbot, L_396 ""): com_error: (-2147352567, 'Exception occurred.', (0, 'Microsoft Excel', 'You cannot save this workbook with the same name as another open workbook or add-in. Choose a different name, or close the other workbook or add-in before saving.', 'xlmain11.chm', 0, -2146827284), None)
2025-03-12 14:44:23.769549 - rocketbot - INFO - request: facturacion : line 3 - rpalogic : group  id: 3df269a5-7397-ed44-009d-78bb47b9ebb7 -  - 
2025-03-12 14:44:24.033249 - rocketbot - INFO - request: facturacion : line 3.1 - rpascripts : module  id: e0dbbf0b-6094-af95-b406-a3c648160904 -  - {"module_name":"ControlIni","module":"leerIni","content":"C:/Users/Ignacio/OneDrive/Documents/git-and-github/RobotClase2/main/resources/config_bot2.ini","variable":"{config}"}
2025-03-12 14:44:24.095863 - rocketbot - INFO - request: facturacion : line 3.2 - rpascripts : module  id: 868321ca-2fbe-9233-8837-73d7127be913 -  - {"module_name":"ControlIni","module":"obtenerDato","idseccion":"paths","iddato":"path_git","idvar":"path_git"}
2025-03-12 14:44:24.361156 - rocketbot - INFO - request: facturacion : line 3.3 - rpascripts : module  id: 2077a0b2-2b6a-bbe4-9bfe-a94e100d71d5 -  - {"module_name":"ControlIni","module":"obtenerDato","idseccion":"paths","iddato":"path_log","idvar":"path_log"}
2025-03-12 14:44:24.437063 - rocketbot - INFO - request: facturacion : line 3.4 - rpascripts : module  id: 5d3b6e14-efcf-56ee-e353-eb1c0af87089 -  - {"module_name":"ControlIni","module":"obtenerDato","idseccion":"paths","iddato":"path_archivo","idvar":"path_archivo"}
2025-03-12 14:44:24.673452 - rocketbot - INFO - request: facturacion : line 3.5 - rpascripts : module  id: 1020d70f-6d9d-6d91-cc38-7d207184a7c9 -  - {"module_name":"ControlIni","module":"obtenerDato","idseccion":"clasificacion_clientes","iddato":"resp_inscr","idvar":"resp_inscr"}
2025-03-12 14:44:24.749513 - rocketbot - INFO - request: facturacion : line 3.6 - rpascripts : module  id: 27739039-13c0-cab5-b4d5-4671c0c222be -  - {"module_name":"ControlIni","module":"obtenerDato","idseccion":"clasificacion_clientes","iddato":"resp_mono","idvar":"resp_mono"}
2025-03-12 14:44:24.999517 - rocketbot - INFO - request: facturacion : line 3.7 - rpascripts : module  id: 6b423d7f-695f-3500-8b08-b4dcdc86c1aa -  - {"module_name":"ControlIni","module":"obtenerDato","idseccion":"clasificacion_clientes","iddato":"suj_exen","idvar":"suj_exen"}
2025-03-12 14:44:25.076954 - rocketbot - INFO - request: facturacion : line 4 - rpalogic : trycatch  id: a8595513-f577-5d04-ae89-c9a230287598 -  - 
2025-03-12 14:44:25.313892 - rocketbot - INFO - request: facturacion : line 4.1 - rpaexcel : readxlsx  id: cb144be0-4d12-5857-617d-01948ab0d60f -  - {"file_path":"{path_git}/resources/classificacion_clientes.xlsx"}
2025-03-12 14:44:25.314412 - Rocketbot - ERROR - EXCEPTION IN (<string> Rocketbot, L_192 ""): Exception: File not exists
2025-03-12 14:44:25.391114 - rocketbot - INFO - request: facturacion : line 4.1 - rpaexcel : readxlsx  id: 39ff8897-a471-6150-ea6d-73cfb14fbb4d -  - {"file_path":"{path_archivo}"}
2025-03-12 14:44:25.657702 - rocketbot - INFO - request: facturacion : line 4.2 - rpaexcel : savexlsx  id: be49d7f9-6bbc-456f-81b9-ec29486883a6 -  - {path_git}/resources/clasificacion_clientes.xlsx
2025-03-12 14:44:25.661104 - Rocketbot - ERROR - EXCEPTION IN (<string> Rocketbot, L_396 ""): com_error: (-2147352567, 'Exception occurred.', (0, 'Microsoft Excel', 'You cannot save this workbook with the same name as another open workbook or add-in. Choose a different name, or close the other workbook or add-in before saving.', 'xlmain11.chm', 0, -2146827284), None)
2025-03-12 14:45:28.310140 - rocketbot - INFO - request: facturacion : line 1 - rpascripts : module  id: 797dffcd-ff36-2b65-6f28-7665b967d31f -  - {"module_name":"killApp","module":"killApp","app_":"Excel"}
2025-03-12 14:45:28.372332 - rocketbot - INFO - request: facturacion : line 4 - rpalogic : group  id: 3df269a5-7397-ed44-009d-78bb47b9ebb7 -  - 
2025-03-12 14:45:28.640922 - rocketbot - INFO - request: facturacion : line 4.1 - rpascripts : module  id: e0dbbf0b-6094-af95-b406-a3c648160904 -  - {"module_name":"ControlIni","module":"leerIni","content":"C:/Users/Ignacio/OneDrive/Documents/git-and-github/RobotClase2/main/resources/config_bot2.ini","variable":"{config}"}
2025-03-12 14:45:28.749385 - rocketbot - INFO - request: facturacion : line 4.2 - rpascripts : module  id: 868321ca-2fbe-9233-8837-73d7127be913 -  - {"module_name":"ControlIni","module":"obtenerDato","idseccion":"paths","iddato":"path_git","idvar":"path_git"}
2025-03-12 14:45:28.950514 - rocketbot - INFO - request: facturacion : line 4.3 - rpascripts : module  id: 2077a0b2-2b6a-bbe4-9bfe-a94e100d71d5 -  - {"module_name":"ControlIni","module":"obtenerDato","idseccion":"paths","iddato":"path_log","idvar":"path_log"}
2025-03-12 14:45:29.075289 - rocketbot - INFO - request: facturacion : line 4.4 - rpascripts : module  id: 5d3b6e14-efcf-56ee-e353-eb1c0af87089 -  - {"module_name":"ControlIni","module":"obtenerDato","idseccion":"paths","iddato":"path_archivo","idvar":"path_archivo"}
2025-03-12 14:45:29.262684 - rocketbot - INFO - request: facturacion : line 4.5 - rpascripts : module  id: 1020d70f-6d9d-6d91-cc38-7d207184a7c9 -  - {"module_name":"ControlIni","module":"obtenerDato","idseccion":"clasificacion_clientes","iddato":"resp_inscr","idvar":"resp_inscr"}
2025-03-12 14:45:29.400008 - rocketbot - INFO - request: facturacion : line 4.6 - rpascripts : module  id: 27739039-13c0-cab5-b4d5-4671c0c222be -  - {"module_name":"ControlIni","module":"obtenerDato","idseccion":"clasificacion_clientes","iddato":"resp_mono","idvar":"resp_mono"}
2025-03-12 14:45:29.589905 - rocketbot - INFO - request: facturacion : line 4.7 - rpascripts : module  id: 6b423d7f-695f-3500-8b08-b4dcdc86c1aa -  - {"module_name":"ControlIni","module":"obtenerDato","idseccion":"clasificacion_clientes","iddato":"suj_exen","idvar":"suj_exen"}
2025-03-12 14:45:29.716648 - rocketbot - INFO - request: facturacion : line 5 - rpalogic : trycatch  id: a8595513-f577-5d04-ae89-c9a230287598 -  - 
2025-03-12 14:45:29.917665 - rocketbot - INFO - request: facturacion : line 5.1 - rpaexcel : readxlsx  id: cb144be0-4d12-5857-617d-01948ab0d60f -  - {"file_path":"{path_git}/resources/classificacion_clientes.xlsx"}
2025-03-12 14:45:29.921230 - Rocketbot - ERROR - EXCEPTION IN (<string> Rocketbot, L_192 ""): Exception: File not exists
2025-03-12 14:45:30.040611 - rocketbot - INFO - request: facturacion : line 5.1 - rpaexcel : readxlsx  id: 39ff8897-a471-6150-ea6d-73cfb14fbb4d -  - {"file_path":"{path_archivo}"}
2025-03-12 14:45:32.372900 - rocketbot - INFO - request: facturacion : line 5.2 - rpaexcel : savexlsx  id: be49d7f9-6bbc-456f-81b9-ec29486883a6 -  - {path_git}/resources/clasificacion_clientes.xlsx
2025-03-12 14:45:32.773631 - rocketbot - INFO - request: facturacion : line 5.3 - rpaexcel : quitexcel  id: 573fd24b-3d4e-c8c2-d159-46806bf39a2b -  - 
2025-03-12 14:45:33.037800 - rocketbot - INFO - request: facturacion : line 5.4 - rpaexcel : readxlsx  id: f669e23b-d3e8-6e59-1305-a1055c69fe23 -  - {"file_path":"{path_git}/resources/clasificacion_clientes.xlsx"}
2025-03-12 14:45:35.476197 - rocketbot - INFO - request: facturacion : line 6 - rpalogic : evaluateIf  id: cd017491-7d63-c368-789e-9658fe77a10f -  - {respuesta}
2025-03-12 14:45:35.881342 - rocketbot - INFO - request: facturacion : line 6.1 - rpascripts : module  id: ab46f2a5-bc61-71e9-6b7e-4ea1077022c1 -  - {"module_name":"AdvancedExcel","module":"createSheet","sheet_name":"{resp_inscr}"}
2025-03-12 14:45:36.145823 - rocketbot - INFO - request: facturacion : line 6.2 - rpascripts : module  id: 5931181b-5901-22ce-d553-6c2ad4642ec0 -  - {"module_name":"AdvancedExcel","module":"copy_other","excel1":"{path_archivo}","sheet_name1":"Planilla de Facturacion","cell_range1":"A1:N3","excel2":"{path_git}/resources/clasificacion_clientes.xlsx","sheet_name2":"Responsable Inscripto","cell_range2":"A1:N3"}
2025-03-12 14:45:36.444221 - Rocketbot - ERROR - EXCEPTION IN (<string> Rocketbot, L_905 ""): Exception: The name Responsable Inscripto does not exist in the book
2025-03-12 14:45:36.446232 - script - ERROR - EXCEPTION IN (<string> script, L_185 ""): Exception: The name Responsable Inscripto does not exist in the book
2025-03-12 14:51:21.222042 - rocketbot - INFO - request: facturacion : line 7 - rpaexcel : getsheets  id: 6bf490f4-7ed7-f3aa-51b6-735a221420fb -  - sheets
2025-03-12 14:53:18.021144 - rocketbot - INFO - request: facturacion : line 8 - rpascripts : module  id: a0f5834a-7a40-5103-4a8f-91ec5d09b75f -  - {"module_name":"AdvancedExcel","module":"copyPaste","sheet_name1":"Planilla de Facturacion","cell_range1":"A1:N3","sheet_name2":"Responsable Inscripto","cell_range2":"A1:N3","option":"all_using_source_theme"}
2025-03-12 14:53:18.040604 - Rocketbot - ERROR - EXCEPTION IN (<string> Rocketbot, L_597 ""): Exception: The name Responsable Inscripto does not exist in the book
2025-03-12 14:53:18.041665 - script - ERROR - EXCEPTION IN (<string> script, L_185 ""): Exception: The name Responsable Inscripto does not exist in the book
2025-03-12 14:53:41.004493 - rocketbot - INFO - request: facturacion : line 8 - rpascripts : module  id: a0f5834a-7a40-5103-4a8f-91ec5d09b75f -  - {"module_name":"AdvancedExcel","module":"copyPaste","sheet_name1":"Planilla de Facturacion","cell_range1":"A1:N3","sheet_name2":"\"Responsable Inscripto\"","cell_range2":"A1:N3","option":"all_using_source_theme"}
2025-03-12 14:57:32.283426 - rocketbot - INFO - request: facturacion : line 8 - rpasystem : setVar  id: 4f6e0ef8-06da-2948-a5b8-ff5a0cb5f383 -  - {sheets[1:]}
2025-03-12 14:57:32.285335 - system - ERROR - EXCEPTION IN (<string> system, L_253 ""): NameError: name 'sheets' is not defined
2025-03-12 14:57:50.236310 - rocketbot - INFO - request: facturacion : line 8 - rpasystem : setVar  id: 4f6e0ef8-06da-2948-a5b8-ff5a0cb5f383 -  - {sheets}[1:]
